<testsuites id="" name="" tests="2" failures="0" skipped="2" errors="0" time="0.04353200000000001">
<testsuite name="mobile.spec.ts" timestamp="2026-09-10T18:37:29.558Z" hostname="mobile-chromium" tests="1" failures="0" skipped="1" time="0" errors="0">
<testcase name="Mobile abre una ficha vinculada y genera su etiqueta QR" classname="mobile.spec.ts">
<skipped>
</skipped>
</testcase>
</testsuite>
<testsuite name="web.spec.ts" timestamp="2026-09-10T18:37:29.558Z" hostname="web-chromium" tests="1" failures="0" skipped="1" time="0" errors="0">
<testcase name="Web encuentra el objeto y enlaza su ficha Mobile" classname="web.spec.ts">
<skipped>
</skipped>
</testcase>
</testsuite>
</testsuites>